<?xml version="1.0" encoding="UTF-8"?>
<!-- Generated by org.testng.reporters.JUnitReportReporter -->
<testsuite ignored="1" hostname="DESKTOP-G9QUEIR" failures="0" tests="2" name="com.app.sample.TestOne" time="0.019" errors="0" timestamp="21 Jul 2025 09:32:13 GMT" skipped="0">
  <testcase classname="com.app.sample.TestOne" name="test3" time="0.003"/>
  <testcase classname="com.app.sample.TestOne" name="test1" time="0.016"/>
  <testcase classname="com.app.sample.TestOne" name="test2">
    <skipped/>
  </testcase> <!-- test2 -->
</testsuite> <!-- com.app.sample.TestOne -->
