<?xml version="1.0" encoding="UTF-8"?>
<!-- Generated by org.testng.reporters.JUnitReportReporter -->
<testsuite ignored="0" hostname="DESKTOP-G9QUEIR" failures="0" tests="3" name="com.app.sample.ParallelClass2" time="0.038" errors="0" timestamp="21 Jul 2025 09:19:10 GMT" skipped="0">
  <testcase classname="com.app.sample.ParallelClass2" name="test6" time="0.008"/>
  <testcase classname="com.app.sample.ParallelClass2" name="test5" time="0.013"/>
  <testcase classname="com.app.sample.ParallelClass2" name="test4" time="0.017"/>
</testsuite> <!-- com.app.sample.ParallelClass2 -->
