<?xml version="1.0" encoding="UTF-8"?>
<!-- Generated by org.testng.reporters.JUnitReportReporter -->
<testsuite ignored="1" hostname="DESKTOP-G9QUEIR" failures="0" tests="3" name="com.app.sample.TestTwo" time="0.025" errors="0" timestamp="21 Jul 2025 09:32:13 GMT" skipped="0">
  <testcase classname="com.app.sample.TestTwo" name="test6" time="0.004"/>
  <testcase classname="com.app.sample.TestTwo" name="test5" time="0.010"/>
  <testcase classname="com.app.sample.TestTwo" name="test4" time="0.011"/>
  <testcase classname="com.app.sample.TestOne" name="test2">
    <skipped/>
  </testcase> <!-- test2 -->
</testsuite> <!-- com.app.sample.TestTwo -->
