<?xml version="1.0" encoding="UTF-8"?>
<!-- Generated by org.testng.reporters.JUnitReportReporter -->
<testsuite ignored="3" hostname="DESKTOP-G9QUEIR" failures="0" tests="2" name="com.app.sample.Testgroup1" time="0.030" errors="0" timestamp="21 Jul 2025 09:10:21 GMT" skipped="0">
  <testcase classname="com.app.sample.Testgroup1" name="Test2" time="0.011"/>
  <testcase classname="com.app.sample.Testgroup1" name="Test1" time="0.019"/>
  <testcase classname="com.app.sample.Testgroup1" name="Test3">
    <skipped/>
  </testcase> <!-- Test3 -->
  <testcase classname="com.app.sample.Testgroup2" name="Test6">
    <skipped/>
  </testcase> <!-- Test6 -->
  <testcase classname="com.app.sample.Testgroup2" name="Test4">
    <skipped/>
  </testcase> <!-- Test4 -->
</testsuite> <!-- com.app.sample.Testgroup1 -->
