<?xml version="1.0" encoding="UTF-8"?>
<!-- Generated by org.testng.reporters.JUnitReportReporter -->
<testsuite ignored="0" hostname="DESKTOP-G9QUEIR" failures="0" tests="3" name="com.app.sample.ParallelClass1" time="0.027" errors="0" timestamp="21 Jul 2025 09:19:10 GMT" skipped="0">
  <testcase classname="com.app.sample.ParallelClass1" name="test2" time="0.005"/>
  <testcase classname="com.app.sample.ParallelClass1" name="test1" time="0.017"/>
  <testcase classname="com.app.sample.ParallelClass1" name="test3" time="0.005"/>
</testsuite> <!-- com.app.sample.ParallelClass1 -->
