<?xml version="1.0" encoding="UTF-8"?>
<!-- Generated by org.testng.reporters.JUnitReportReporter -->
<testsuite ignored="0" hostname="DESKTOP-G9QUEIR" failures="0" tests="1" name="com.app.sample.Annotations" time="0.020" errors="0" timestamp="21 Jul 2025 08:55:00 GMT" skipped="0">
  <testcase classname="com.app.sample.Annotations" name="test1" time="0.020"/>
</testsuite> <!-- com.app.sample.Annotations -->
